[INFO   ] Logger: Record log in /storage/emulated/0/Progs/NeroProgs/Kivy/Lista de exercícios python/2-Estrutura de decisão/7-maior e menor/.kivy/logs/kivy_20-09-29_96.txt
[INFO   ] Kivy: v1.11.1
[INFO   ] Kivy: Installed at "/data/user/0/ru.iiec.pydroid3/files/arm-linux-androideabi/lib/python3.8/site-packages/kivy/__init__.py"
[INFO   ] Python: v3.8.3 (default, Jun 15 2020, 02:19:10) 
[GCC 9.3.0]
[INFO   ] Python: Interpreter at "/data/user/0/ru.iiec.pydroid3/files/arm-linux-androideabi/bin/python3"
[INFO   ] Factory: 184 symbols loaded
[INFO   ] Image: Providers: img_tex, img_dds, img_sdl2, img_pil, img_gif (img_ffpyplayer ignored)
[INFO   ] Window: Provider: sdl2
[INFO   ] GL: Using the "OpenGL ES 2" graphics system
[INFO   ] GL: Backend used <sdl2>
[INFO   ] GL: OpenGL version <b'OpenGL ES 3.0 V@415.0 (GIT@d39f783, I79de86aa2c, 1591296226) (Date:06/04/20)'>
[INFO   ] GL: OpenGL vendor <b'Qualcomm'>
[INFO   ] GL: OpenGL renderer <b'Adreno (TM) 308'>
[INFO   ] GL: OpenGL parsed version: 3, 0
[INFO   ] GL: Texture max size <8192>
[INFO   ] GL: Texture max units <16>
[INFO   ] Window: auto add sdl2 input provider
[INFO   ] Window: virtual keyboard not allowed, single mode, not docked
[INFO   ] Text: Provider: sdl2
[WARNING] stderr: Traceback (most recent call last):
[WARNING] stderr:   File "/data/user/0/ru.iiec.pydroid3/files/arm-linux-androideabi/lib/python3.8/site-packages/kivy/lang/builder.py", line 700, in _apply_rule
[WARNING] stderr:     setattr(widget_set, key, value)
[WARNING] stderr:   File "kivy/weakproxy.pyx", line 35, in kivy.weakproxy.WeakProxy.__setattr__
[WARNING] stderr:   File "kivy/properties.pyx", line 497, in kivy.properties.Property.__set__
[WARNING] stderr:   File "kivy/properties.pyx", line 541, in kivy.properties.Property.set
[WARNING] stderr:   File "kivy/properties.pyx", line 532, in kivy.properties.Property.set
[WARNING] stderr:   File "kivy/properties.pyx", line 1252, in kivy.properties.OptionProperty.check
[WARNING] stderr: ValueError: Rodando.anchor_y is set to an invalid option 0.5. Must be one of: ['top', 'center', 'bottom']
[WARNING] stderr: 
[WARNING] stderr: During handling of the above exception, another exception occurred:
[WARNING] stderr: 
[WARNING] stderr: Traceback (most recent call last):
[WARNING] stderr:   File "/storage/emulated/0/Progs/NeroProgs/Kivy/Lista de exercícios python/2-Estrutura de decisão/7-maior e menor/main.py", line 17, in <module>
[WARNING] stderr:     Roda().run()                
[WARNING] stderr:   File "/data/user/0/ru.iiec.pydroid3/files/arm-linux-androideabi/lib/python3.8/site-packages/kivy/app.py", line 829, in run
[WARNING] stderr:     root = self.build()
[WARNING] stderr:   File "/storage/emulated/0/Progs/NeroProgs/Kivy/Lista de exercícios python/2-Estrutura de decisão/7-maior e menor/main.py", line 15, in build
[WARNING] stderr:     return Rodando()
[WARNING] stderr:   File "/data/user/0/ru.iiec.pydroid3/files/arm-linux-androideabi/lib/python3.8/site-packages/kivy/uix/anchorlayout.py", line 68, in __init__
[WARNING] stderr:     super(AnchorLayout, self).__init__(**kwargs)
[WARNING] stderr:   File "/data/user/0/ru.iiec.pydroid3/files/arm-linux-androideabi/lib/python3.8/site-packages/kivy/uix/layout.py", line 76, in __init__
[WARNING] stderr:     super(Layout, self).__init__(**kwargs)
[WARNING] stderr:   File "/data/user/0/ru.iiec.pydroid3/files/arm-linux-androideabi/lib/python3.8/site-packages/kivy/uix/widget.py", line 359, in __init__
[WARNING] stderr:     self.apply_class_lang_rules(
[WARNING] stderr:   File "/data/user/0/ru.iiec.pydroid3/files/arm-linux-androideabi/lib/python3.8/site-packages/kivy/uix/widget.py", line 467, in apply_class_lang_rules
[WARNING] stderr:     Builder.apply(
[WARNING] stderr:   File "/data/user/0/ru.iiec.pydroid3/files/arm-linux-androideabi/lib/python3.8/site-packages/kivy/lang/builder.py", line 536, in apply
[WARNING] stderr:     self._apply_rule(
[WARNING] stderr:   File "/data/user/0/ru.iiec.pydroid3/files/arm-linux-androideabi/lib/python3.8/site-packages/kivy/lang/builder.py", line 705, in _apply_rule
[WARNING] stderr:     raise BuilderException(rule.ctx, rule.line,
[WARNING] stderr: kivy.lang.builder.BuilderException: Parser: File "/storage/emulated/0/Progs/NeroProgs/Kivy/Lista de exercícios python/2-Estrutura de decisão/7-maior e menor/Roda.kv", line 3:
[WARNING] stderr: ...
[WARNING] stderr:       1:<Rodando>:
[WARNING] stderr:       2:    anchor_x:"center"
[WARNING] stderr: >>    3:    anchor_y:.5
[WARNING] stderr:       4:    TextInput:
[WARNING] stderr:       5:        size_hint:.5, .1
[WARNING] stderr: ...
[WARNING] stderr: ValueError: Rodando.anchor_y is set to an invalid option 0.5. Must be one of: ['top', 'center', 'bottom']
[WARNING] stderr:   File "/data/user/0/ru.iiec.pydroid3/files/arm-linux-androideabi/lib/python3.8/site-packages/kivy/lang/builder.py", line 700, in _apply_rule
[WARNING] stderr:     setattr(widget_set, key, value)
[WARNING] stderr:   File "kivy/weakproxy.pyx", line 35, in kivy.weakproxy.WeakProxy.__setattr__
[WARNING] stderr:   File "kivy/properties.pyx", line 497, in kivy.properties.Property.__set__
[WARNING] stderr:   File "kivy/properties.pyx", line 541, in kivy.properties.Property.set
[WARNING] stderr:   File "kivy/properties.pyx", line 532, in kivy.properties.Property.set
[WARNING] stderr:   File "kivy/properties.pyx", line 1252, in kivy.properties.OptionProperty.check
[WARNING] stderr: 
