[INFO   ] Logger: Record log in /storage/emulated/0/Progs/NeroProgs/média aritmética /.kivy/logs/kivy_20-07-29_15.txt
[INFO   ] Kivy: v1.11.1
[INFO   ] Kivy: Installed at "/data/user/0/ru.iiec.pydroid3/files/arm-linux-androideabi/lib/python3.8/site-packages/kivy/__init__.py"
[INFO   ] Python: v3.8.3 (default, Jun 15 2020, 02:19:10) 
[GCC 9.3.0]
[INFO   ] Python: Interpreter at "/data/user/0/ru.iiec.pydroid3/files/arm-linux-androideabi/bin/python3"
[INFO   ] Factory: 184 symbols loaded
[INFO   ] Image: Providers: img_tex, img_dds, img_sdl2, img_gif (img_pil, img_ffpyplayer ignored)
[INFO   ] Window: Provider: sdl2
[INFO   ] GL: Using the "OpenGL ES 2" graphics system
[INFO   ] GL: Backend used <sdl2>
[INFO   ] GL: OpenGL version <b'OpenGL ES 3.0 V@331.0 (GIT@35e467f, Ice9844a736) (Date:04/15/19)'>
[INFO   ] GL: OpenGL vendor <b'Qualcomm'>
[INFO   ] GL: OpenGL renderer <b'Adreno (TM) 308'>
[INFO   ] GL: OpenGL parsed version: 3, 0
[INFO   ] GL: Texture max size <8192>
[INFO   ] GL: Texture max units <16>
[INFO   ] Window: auto add sdl2 input provider
[INFO   ] Window: virtual keyboard not allowed, single mode, not docked
[INFO   ] Text: Provider: sdl2
[WARNING] stderr: Traceback (most recent call last):
[WARNING] stderr:   File "kivy/properties.pyx", line 860, in kivy.properties.ObservableDict.__getattr__
[WARNING] stderr: KeyError: 'botao'
[WARNING] stderr: 
[WARNING] stderr: During handling of the above exception, another exception occurred:
[WARNING] stderr: 
[WARNING] stderr: Traceback (most recent call last):
[WARNING] stderr:   File "/storage/emulated/0/Progs/NeroProgs/média aritmética /media.py", line 16, in <module>
[WARNING] stderr:   File "/data/user/0/ru.iiec.pydroid3/files/arm-linux-androideabi/lib/python3.8/site-packages/kivy/app.py", line 829, in run
[WARNING] stderr:     root = self.build()
[WARNING] stderr:   File "/storage/emulated/0/Progs/NeroProgs/média aritmética /media.py", line 14, in build
[WARNING] stderr:     
[WARNING] stderr:   File "/storage/emulated/0/Progs/NeroProgs/média aritmética /media.py", line 7, in __init__
[WARNING] stderr:     self.ids.botao.on_release = self.acontece(self)
[WARNING] stderr:   File "kivy/properties.pyx", line 863, in kivy.properties.ObservableDict.__getattr__
[WARNING] stderr: AttributeError: 'super' object has no attribute '__getattr__'
