[INFO   ] Logger: Record log in /storage/emulated/0/Progs/NeroProgs/Kivy/Lista de exercícios python/2-Estrutura de decisão/9-Decrescer/.kivy/logs/kivy_20-10-02_23.txt
[INFO   ] Kivy: v1.11.1
[INFO   ] Kivy: Installed at "/data/user/0/ru.iiec.pydroid3/files/arm-linux-androideabi/lib/python3.8/site-packages/kivy/__init__.py"
[INFO   ] Python: v3.8.3 (default, Jun 15 2020, 02:19:10) 
[GCC 9.3.0]
[INFO   ] Python: Interpreter at "/data/user/0/ru.iiec.pydroid3/files/arm-linux-androideabi/bin/python3"
[INFO   ] Factory: 184 symbols loaded
[INFO   ] Image: Providers: img_tex, img_dds, img_sdl2, img_pil, img_gif (img_ffpyplayer ignored)
[INFO   ] Window: Provider: sdl2
[INFO   ] GL: Using the "OpenGL ES 2" graphics system
[INFO   ] GL: Backend used <sdl2>
[INFO   ] GL: OpenGL version <b'OpenGL ES 3.0 V@415.0 (GIT@d39f783, I79de86aa2c, 1591296226) (Date:06/04/20)'>
[INFO   ] GL: OpenGL vendor <b'Qualcomm'>
[INFO   ] GL: OpenGL renderer <b'Adreno (TM) 308'>
[INFO   ] GL: OpenGL parsed version: 3, 0
[INFO   ] GL: Texture max size <8192>
[INFO   ] GL: Texture max units <16>
[INFO   ] Window: auto add sdl2 input provider
[INFO   ] Window: virtual keyboard not allowed, single mode, not docked
[ERROR  ] 
Traceback (most recent call last):
  File "/data/user/0/ru.iiec.pydroid3/files/arm-linux-androideabi/lib/python3.8/site-packages/kivy/lang/parser.py", line 421, in execute_directives
    value = eval(value, global_idmap)
  File "<string>", line 1, in <module>
NameError: name 'num1' is not defined
[WARNING] stderr: Traceback (most recent call last):
[WARNING] stderr:   File "/data/user/0/ru.iiec.pydroid3/files/arm-linux-androideabi/lib/python3.8/site-packages/kivy/lang/parser.py", line 421, in execute_directives
[WARNING] stderr:     value = eval(value, global_idmap)
[WARNING] stderr:   File "<string>", line 1, in <module>
[WARNING] stderr: NameError: name 'num1' is not defined
[WARNING] stderr: 
[WARNING] stderr: During handling of the above exception, another exception occurred:
[WARNING] stderr: 
[WARNING] stderr: Traceback (most recent call last):
[WARNING] stderr:   File "/storage/emulated/0/Progs/NeroProgs/Kivy/Lista de exercícios python/2-Estrutura de decisão/9-Decrescer/main.py", line 7, in <module>
[WARNING] stderr:     runTouchApp(Builder.load_string("""
[WARNING] stderr:   File "/data/user/0/ru.iiec.pydroid3/files/arm-linux-androideabi/lib/python3.8/site-packages/kivy/lang/builder.py", line 368, in load_string
[WARNING] stderr:     parser = Parser(content=string, filename=fn)
[WARNING] stderr:   File "/data/user/0/ru.iiec.pydroid3/files/arm-linux-androideabi/lib/python3.8/site-packages/kivy/lang/parser.py", line 401, in __init__
[WARNING] stderr:     self.parse(content)
[WARNING] stderr:   File "/data/user/0/ru.iiec.pydroid3/files/arm-linux-androideabi/lib/python3.8/site-packages/kivy/lang/parser.py", line 507, in parse
[WARNING] stderr:     self.execute_directives()
[WARNING] stderr:   File "/data/user/0/ru.iiec.pydroid3/files/arm-linux-androideabi/lib/python3.8/site-packages/kivy/lang/parser.py", line 424, in execute_directives
[WARNING] stderr:     raise ParserException(self, ln, 'Invalid value')
[WARNING] stderr: kivy.lang.parser.ParserException: Parser: File "<inline>", line 51:
[WARNING] stderr: ...
[WARNING] stderr:      49:        id:lab
[WARNING] stderr:      50:        text:"Resultado"
[WARNING] stderr: >>   51:    #:set maior f.verifica(num1.text, num2.text, num3.text, tipo="maior")
[WARNING] stderr:      52:    Button:
[WARNING] stderr:      53:        size_hint: .5, .1
[WARNING] stderr: ...
[WARNING] stderr: Invalid value
